<?xml version="1.0" encoding="UTF-8"?>
<testsuite name="com.app_uracle.safewalk.SafewalkApplicationTests" tests="1" skipped="0" failures="0" errors="0" timestamp="2025-11-11T04:27:47.861Z" hostname="LAPTOP-TG182O3D" time="0.947">
  <properties/>
  <testcase name="contextLoads()" classname="com.app_uracle.safewalk.SafewalkApplicationTests" time="0.947"/>
  <system-out><![CDATA[13:27:37.154 [Test worker] INFO org.springframework.test.context.support.AnnotationConfigContextLoaderUtils -- Could not detect default configuration classes for test class [com.app_uracle.safewalk.SafewalkApplicationTests]: SafewalkApplicationTests does not declare any static, non-private, non-final, nested classes annotated with @Configuration.
13:27:37.318 [Test worker] INFO org.springframework.boot.test.context.SpringBootTestContextBootstrapper -- Found @SpringBootConfiguration com.app_uracle.safewalk.SafewalkApplication for test class com.app_uracle.safewalk.SafewalkApplicationTests

  .   ____          _            __ _ _
 /\\ / ___'_ __ _ _(_)_ __  __ _ \ \ \ \
( ( )\___ | '_ | '_| | '_ \/ _` | \ \ \ \
 \\/  ___)| |_)| | | | | || (_| |  ) ) ) )
  '  |____| .__|_| |_|_| |_\__, | / / / /
 =========|_|==============|___/=/_/_/_/

 :: Spring Boot ::       (v4.0.0-SNAPSHOT)

2025-11-11T13:27:37.973+09:00  INFO 42076 --- [safewalk] [    Test worker] c.a.safewalk.SafewalkApplicationTests    : Starting SafewalkApplicationTests using Java 21.0.8 with PID 42076 (started by sychoi in C:\workspace\4s2g\App_mento_uracle\safewalk)
2025-11-11T13:27:37.974+09:00  INFO 42076 --- [safewalk] [    Test worker] c.a.safewalk.SafewalkApplicationTests    : No active profile set, falling back to 1 default profile: "default"
2025-11-11T13:27:39.427+09:00  INFO 42076 --- [safewalk] [    Test worker] .s.d.r.c.RepositoryConfigurationDelegate : Bootstrapping Spring Data JPA repositories in DEFAULT mode.
2025-11-11T13:27:39.611+09:00  INFO 42076 --- [safewalk] [    Test worker] .s.d.r.c.RepositoryConfigurationDelegate : Finished Spring Data repository scanning in 152 ms. Found 2 JPA repository interfaces.
2025-11-11T13:27:40.363+09:00  INFO 42076 --- [safewalk] [    Test worker] com.zaxxer.hikari.HikariDataSource       : HikariPool-1 - Starting...
2025-11-11T13:27:41.285+09:00  INFO 42076 --- [safewalk] [    Test worker] com.zaxxer.hikari.pool.HikariPool        : HikariPool-1 - Added connection com.mysql.cj.jdbc.ConnectionImpl@148ab138
2025-11-11T13:27:41.291+09:00  INFO 42076 --- [safewalk] [    Test worker] com.zaxxer.hikari.HikariDataSource       : HikariPool-1 - Start completed.
2025-11-11T13:27:41.395+09:00  INFO 42076 --- [safewalk] [    Test worker] o.hibernate.jpa.internal.util.LogHelper  : HHH000204: Processing PersistenceUnitInfo [name: default]
2025-11-11T13:27:41.609+09:00  INFO 42076 --- [safewalk] [    Test worker] org.hibernate.Version                    : HHH000412: Hibernate ORM core version 7.1.6.Final
2025-11-11T13:27:43.119+09:00  INFO 42076 --- [safewalk] [    Test worker] o.s.o.j.p.SpringPersistenceUnitInfo      : No LoadTimeWeaver setup: ignoring JPA class transformer
2025-11-11T13:27:43.385+09:00  INFO 42076 --- [safewalk] [    Test worker] org.hibernate.orm.connections.pooling    : HHH10001005: Database info:
	Database JDBC URL [jdbc:mysql://localhost:3306/safewalk_db?serverTimezone=UTC&characterEncoding=UTF-8]
	Database driver: MySQL Connector/J
	Database dialect: MySQLDialect
	Database version: 8.0.17
	Default catalog/schema: safewalk_db/undefined
	Autocommit mode: undefined/unknown
	Isolation level: REPEATABLE_READ [default REPEATABLE_READ]
	JDBC fetch size: none
	Pool: DatasourceConnectionProviderImpl
	Minimum pool size: undefined/unknown
	Maximum pool size: undefined/unknown
2025-11-11T13:27:45.282+09:00  INFO 42076 --- [safewalk] [    Test worker] o.h.e.t.j.p.i.JtaPlatformInitiator       : HHH000489: No JTA platform available (set 'hibernate.transaction.jta.platform' to enable JTA platform integration)
2025-11-11T13:27:45.313+09:00  INFO 42076 --- [safewalk] [    Test worker] j.LocalContainerEntityManagerFactoryBean : Initialized JPA EntityManagerFactory for persistence unit 'default'
2025-11-11T13:27:45.558+09:00  INFO 42076 --- [safewalk] [    Test worker] o.s.d.j.r.query.QueryEnhancerFactories   : Hibernate is in classpath; If applicable, HQL parser will be used.
2025-11-11T13:27:46.503+09:00  WARN 42076 --- [safewalk] [    Test worker] JpaBaseConfiguration$JpaWebConfiguration : spring.jpa.open-in-view is enabled by default. Therefore, database queries may be performed during view rendering. Explicitly configure spring.jpa.open-in-view to disable this warning
2025-11-11T13:27:46.585+09:00  INFO 42076 --- [safewalk] [    Test worker] o.s.b.w.a.WelcomePageHandlerMapping      : Adding welcome page template: index
2025-11-11T13:27:47.826+09:00  INFO 42076 --- [safewalk] [    Test worker] c.a.safewalk.SafewalkApplicationTests    : Started SafewalkApplicationTests in 10.262 seconds (process running for 12.554)
]]></system-out>
  <system-err><![CDATA[Mockito is currently self-attaching to enable the inline-mock-maker. This will no longer work in future releases of the JDK. Please add Mockito as an agent to your build as described in Mockito's documentation: https://javadoc.io/doc/org.mockito/mockito-core/latest/org.mockito/org/mockito/Mockito.html#0.3
WARNING: A Java agent has been loaded dynamically (C:\Users\sychoi\.gradle\caches\modules-2\files-2.1\net.bytebuddy\byte-buddy-agent\1.17.8\f09415827a71be7ed621c7bd02550678f28bc81c\byte-buddy-agent-1.17.8.jar)
WARNING: If a serviceability tool is in use, please run with -XX:+EnableDynamicAgentLoading to hide this warning
WARNING: If a serviceability tool is not in use, please run with -Djdk.instrument.traceUsage for more information
WARNING: Dynamic loading of agents will be disallowed by default in a future release
]]></system-err>
</testsuite>
